<?xml version="1.0" encoding="UTF-8"?>
<!-- Generated by org.testng.reporters.JUnitReportReporter -->
<testsuite hostname="IN-PG02NJQN" failures="0" tests="1" name="UI.Login" time="65.619" errors="0" timestamp="2023-01-05T00:14:01 IST" skipped="0">
  <testcase classname="UI.Login" name="login" time="65.619"/>
  <system-out/>
</testsuite> <!-- UI.Login -->
