<?xml version="1.0" encoding="UTF-8"?>
<!-- Generated by org.testng.reporters.JUnitReportReporter -->
<testsuite hostname="IN-PG02NJQN" failures="0" tests="1" name="testCases.AddToCart" time="36.134" errors="0" timestamp="2023-01-10T03:47:42 IST" skipped="0">
  <testcase classname="testCases.AddToCart" name="addToCart" time="36.134"/>
  <system-out/>
</testsuite> <!-- testCases.AddToCart -->
