<?xml version="1.0" encoding="UTF-8"?>
<!-- Generated by org.testng.reporters.JUnitReportReporter -->
<testsuite hostname="IN-PG02NJQN" failures="0" tests="1" name="testCases.Test11_Grocery_Basket" time="15.057" errors="0" timestamp="2023-01-10T04:48:01 IST" skipped="0">
  <testcase classname="testCases.Test11_Grocery_Basket" name="grocery_basket" time="15.057"/>
  <system-out/>
</testsuite> <!-- testCases.Test11_Grocery_Basket -->
