<?xml version="1.0" encoding="UTF-8"?>
<!-- Generated by org.testng.reporters.JUnitReportReporter -->
<testsuite hostname="IN-PG02NJQN" failures="0" tests="1" name="Flipkart_testcases.Test_09_mouse_hover" time="9.473" errors="0" timestamp="2023-01-10T06:43:13 IST" skipped="0">
  <testcase classname="Flipkart_testcases.Test_09_mouse_hover" name="Hover" time="9.473"/>
  <system-out/>
</testsuite> <!-- Flipkart_testcases.Test_09_mouse_hover -->
