<?xml version="1.0" encoding="UTF-8"?>
<!-- Generated by org.testng.reporters.JUnitReportReporter -->
<testsuite hostname="IN-PG02NJQN" failures="0" tests="1" name="testCases.Place_order" time="57.205" errors="0" timestamp="2023-01-10T03:47:42 IST" skipped="0">
  <testcase classname="testCases.Place_order" name="order_place" time="57.205"/>
  <system-out/>
</testsuite> <!-- testCases.Place_order -->
