<?xml version="1.0" encoding="UTF-8"?>
<!-- Generated by org.testng.reporters.JUnitReportReporter -->
<testsuite hostname="IN-PG02NJQN" failures="0" tests="1" name="testCases.MouseHover" time="54.242" errors="0" timestamp="2023-01-10T03:47:42 IST" skipped="0">
  <testcase classname="testCases.MouseHover" name="Hover" time="54.242"/>
  <system-out/>
</testsuite> <!-- testCases.MouseHover -->
