<?xml version="1.0" encoding="UTF-8"?>
<!-- Generated by org.testng.reporters.JUnitReportReporter -->
<testsuite hostname="IN-PG02NJQN" failures="0" tests="1" name="testCases.Flipkart_wholesale" time="32.148" errors="0" timestamp="2023-01-10T03:47:42 IST" skipped="0">
  <testcase classname="testCases.Flipkart_wholesale" name="wholesale_test" time="32.148"/>
  <system-out/>
</testsuite> <!-- testCases.Flipkart_wholesale -->
