<?xml version="1.0" encoding="UTF-8"?>
<!-- Generated by org.testng.reporters.JUnitReportReporter -->
<testsuite hostname="IN-PG02NJQN" failures="0" tests="1" name="testCases.Test8_Flipkart_wholesale" time="7.304" errors="0" timestamp="2023-01-10T04:48:01 IST" skipped="0">
  <testcase classname="testCases.Test8_Flipkart_wholesale" name="wholesale_test" time="7.304"/>
  <system-out/>
</testsuite> <!-- testCases.Test8_Flipkart_wholesale -->
