<?xml version="1.0" encoding="UTF-8"?>
<!-- Generated by org.testng.reporters.JUnitReportReporter -->
<testsuite hostname="IN-PG02NJQN" failures="0" tests="1" name="Flipkart_testcases.test_01_verify_title" time="1.219" errors="0" timestamp="2023-01-10T06:43:13 IST" skipped="0">
  <testcase classname="Flipkart_testcases.test_01_verify_title" name="TitleVerify" time="1.219"/>
  <system-out/>
</testsuite> <!-- Flipkart_testcases.test_01_verify_title -->
