<?xml version="1.0" encoding="UTF-8"?>
<!-- Generated by org.testng.reporters.JUnitReportReporter -->
<testsuite hostname="IN-PG02NJQN" failures="0" tests="1" name="testCases.Verify_Title" time="46.061" errors="0" timestamp="2023-01-10T03:47:42 IST" skipped="0">
  <testcase classname="testCases.Verify_Title" name="TitleVerify" time="46.061"/>
  <system-out/>
</testsuite> <!-- testCases.Verify_Title -->
