<?xml version="1.0" encoding="UTF-8"?>
<!-- Generated by org.testng.reporters.JUnitReportReporter -->
<testsuite hostname="IN-PG02NJQN" failures="0" tests="1" name="testCases.Advertise" time="46.642" errors="0" timestamp="2023-01-10T03:47:42 IST" skipped="0">
  <testcase classname="testCases.Advertise" name="ad_test" time="46.642"/>
  <system-out/>
</testsuite> <!-- testCases.Advertise -->
