<?xml version="1.0" encoding="UTF-8"?>
<!-- Generated by org.testng.reporters.JUnitReportReporter -->
<testsuite hostname="IN-PG02NJQN" failures="0" tests="1" name="Flipkart_testcases.Test_05_giftCards" time="29.787" errors="0" timestamp="2023-01-10T06:43:13 IST" skipped="0">
  <testcase classname="Flipkart_testcases.Test_05_giftCards" name="GiftCardTest" time="29.787"/>
  <system-out/>
</testsuite> <!-- Flipkart_testcases.Test_05_giftCards -->
