<?xml version="1.0" encoding="UTF-8"?>
<!-- Generated by org.testng.reporters.JUnitReportReporter -->
<testsuite hostname="IN-PG02NJQN" failures="0" tests="1" name="testCases.Login" time="45.832" errors="0" timestamp="2023-01-10T03:47:42 IST" skipped="1">
  <testcase classname="testCases.Login" name="login" time="45.832">
    <skipped/>
  </testcase> <!-- login -->
  <system-out/>
</testsuite> <!-- testCases.Login -->
