<?xml version="1.0" encoding="UTF-8"?>
<!-- Generated by org.testng.reporters.JUnitReportReporter -->
<testsuite hostname="IN-PG02NJQN" failures="0" tests="1" name="testCases.Grocery" time="45.910" errors="0" timestamp="2023-01-10T03:47:42 IST" skipped="1">
  <testcase classname="testCases.Grocery" name="grocery_test" time="45.910">
    <skipped/>
  </testcase> <!-- grocery_test -->
  <system-out/>
</testsuite> <!-- testCases.Grocery -->
