<?xml version="1.0" encoding="UTF-8"?>
<!-- Generated by org.testng.reporters.JUnitReportReporter -->
<testsuite hostname="IN-PG02NJQN" failures="0" tests="1" name="Flipkart_testcases.Test_14_careers" time="28.083" errors="0" timestamp="2023-01-10T07:03:39 IST" skipped="0">
  <testcase classname="Flipkart_testcases.Test_14_careers" name="Careers_Test" time="28.083"/>
  <system-out/>
</testsuite> <!-- Flipkart_testcases.Test_14_careers -->
