<?xml version="1.0" encoding="UTF-8"?>
<!-- Generated by org.testng.reporters.JUnitReportReporter -->
<testsuite hostname="IN-PG02NJQN" failures="0" tests="1" name="testCases.Test2_Advertise" time="43.521" errors="0" timestamp="2023-01-10T04:31:00 IST" skipped="0">
  <testcase classname="testCases.Test2_Advertise" name="ad_test" time="43.521"/>
  <system-out/>
</testsuite> <!-- testCases.Test2_Advertise -->
