<?xml version="1.0" encoding="UTF-8"?>
<!-- Generated by org.testng.reporters.JUnitReportReporter -->
<testsuite hostname="IN-PG02NJQN" failures="0" tests="1" name="testCases.Explore_Plus_Test" time="61.783" errors="0" timestamp="2023-01-10T03:59:18 IST" skipped="0">
  <testcase classname="testCases.Explore_Plus_Test" name="Explore" time="61.783"/>
  <system-out/>
</testsuite> <!-- testCases.Explore_Plus_Test -->
