<?xml version="1.0" encoding="UTF-8"?>
<!-- Generated by org.testng.reporters.JUnitReportReporter -->
<testsuite hostname="IN-PG02NJQN" failures="0" tests="1" name="testCases.Test20_Verify_Title" time="24.478" errors="0" timestamp="2023-01-10T04:31:00 IST" skipped="0">
  <testcase classname="testCases.Test20_Verify_Title" name="TitleVerify" time="24.478"/>
  <system-out/>
</testsuite> <!-- testCases.Test20_Verify_Title -->
