<?xml version="1.0" encoding="UTF-8"?>
<!-- Generated by org.testng.reporters.JUnitReportReporter -->
<testsuite hostname="IN-PG02NJQN" failures="0" tests="1" name="testCases.Test1_AddToCart" time="31.767" errors="0" timestamp="2023-01-10T04:31:00 IST" skipped="0">
  <testcase classname="testCases.Test1_AddToCart" name="addToCart" time="31.767"/>
  <system-out/>
</testsuite> <!-- testCases.Test1_AddToCart -->
