<?xml version="1.0" encoding="UTF-8"?>
<!-- Generated by org.testng.reporters.JUnitReportReporter -->
<testsuite hostname="IN-PG02NJQN" failures="0" tests="1" name="testCases.Test13_Login" time="24.620" errors="0" timestamp="2023-01-10T04:31:00 IST" skipped="1">
  <testcase classname="testCases.Test13_Login" name="login" time="24.620">
    <skipped/>
  </testcase> <!-- login -->
  <system-out/>
</testsuite> <!-- testCases.Test13_Login -->
