<?xml version="1.0" encoding="UTF-8"?>
<!-- Generated by org.testng.reporters.JUnitReportReporter -->
<testsuite hostname="IN-PG02NJQN" failures="0" tests="1" name="testCases.Test10_Gift_Cards" time="77.142" errors="0" timestamp="2023-01-10T04:31:00 IST" skipped="0">
  <testcase classname="testCases.Test10_Gift_Cards" name="GiftCardTest" time="77.142"/>
  <system-out/>
</testsuite> <!-- testCases.Test10_Gift_Cards -->
