<?xml version="1.0" encoding="UTF-8"?>
<!-- Generated by org.testng.reporters.JUnitReportReporter -->
<testsuite hostname="IN-PG02NJQN" failures="0" tests="1" name="testCases.Test15_MouseHover" time="32.891" errors="0" timestamp="2023-01-10T04:31:00 IST" skipped="0">
  <testcase classname="testCases.Test15_MouseHover" name="Hover" time="32.891"/>
  <system-out/>
</testsuite> <!-- testCases.Test15_MouseHover -->
