<?xml version="1.0" encoding="UTF-8"?>
<!-- Generated by org.testng.reporters.JUnitReportReporter -->
<testsuite hostname="IN-PG02NJQN" failures="0" tests="1" name="testCases.Test17_Search_Product" time="26.505" errors="0" timestamp="2023-01-10T04:31:00 IST" skipped="0">
  <testcase classname="testCases.Test17_Search_Product" name="search" time="26.505"/>
  <system-out/>
</testsuite> <!-- testCases.Test17_Search_Product -->
