<?xml version="1.0" encoding="UTF-8"?>
<!-- Generated by org.testng.reporters.JUnitReportReporter -->
<testsuite hostname="IN-PG02NJQN" failures="0" tests="1" name="Flipkart_testcases.Test_04_add_to_cart" time="9.665" errors="0" timestamp="2023-01-10T07:03:39 IST" skipped="0">
  <testcase classname="Flipkart_testcases.Test_04_add_to_cart" name="addToCart" time="9.665"/>
  <system-out/>
</testsuite> <!-- Flipkart_testcases.Test_04_add_to_cart -->
