<?xml version="1.0" encoding="UTF-8"?>
<!-- Generated by org.testng.reporters.JUnitReportReporter -->
<testsuite hostname="IN-PG02NJQN" failures="0" tests="1" name="Flipkart_testcases.Test_08_mobiles" time="17.254" errors="0" timestamp="2023-01-10T07:03:39 IST" skipped="0">
  <testcase classname="Flipkart_testcases.Test_08_mobiles" name="Mobile_TestCase" time="17.254"/>
  <system-out/>
</testsuite> <!-- Flipkart_testcases.Test_08_mobiles -->
