<?xml version="1.0" encoding="UTF-8"?>
<!-- Generated by org.testng.reporters.JUnitReportReporter -->
<testsuite hostname="IN-PG02NJQN" failures="0" tests="1" name="testCases.Test16_Place_order" time="32.257" errors="0" timestamp="2023-01-10T04:31:00 IST" skipped="0">
  <testcase classname="testCases.Test16_Place_order" name="order_place" time="32.257"/>
  <system-out/>
</testsuite> <!-- testCases.Test16_Place_order -->
